
> chaarlie@0.1.0 products:intake:review-cockpit:dev
> npm run dev --workspace @chaarlie/product-intake-review --hostname 127.0.0.1 --port 3910


> @chaarlie/product-intake-review@0.1.0 dev
> next dev --webpack 127.0.0.1 3910

Invalid project directory provided, no such directory: /Users/nick/AI_work/hair_conscierge/.worktrees/product-intake-full-flow-smoke/apps/product-intake-review/127.0.0.1
npm error Lifecycle script `dev` failed with error:
npm error code 1
npm error path /Users/nick/AI_work/hair_conscierge/.worktrees/product-intake-full-flow-smoke/apps/product-intake-review
npm error workspace @chaarlie/product-intake-review@0.1.0
npm error location /Users/nick/AI_work/hair_conscierge/.worktrees/product-intake-full-flow-smoke/apps/product-intake-review
npm error command failed
npm error command sh -c next dev --webpack 127.0.0.1 3910

> @chaarlie/product-intake-review@0.1.0 dev
> next dev --webpack --hostname 127.0.0.1 --port 3910

▲ Next.js 16.2.4 (webpack)
- Local:         http://127.0.0.1:3910
- Network:       http://127.0.0.1:3910
✓ Ready in 368ms

 HEAD / 200 in 897ms (next.js: 807ms, application-code: 90ms)
 GET / 200 in 95ms (next.js: 22ms, application-code: 73ms)
 GET / 200 in 32ms (next.js: 1928µs, application-code: 30ms)
 GET /api/queue 200 in 1111ms (next.js: 521ms, application-code: 590ms)
 GET /api/queue 200 in 928ms (next.js: 335ms, application-code: 593ms)
 GET /api/queue 200 in 933ms (next.js: 15ms, application-code: 918ms)
 GET /submissions/c1bba940-44f6-43b6-bdde-f7e67baeedef 200 in 1726ms (next.js: 931ms, application-code: 794ms)
 GET /submissions/c1bba940-44f6-43b6-bdde-f7e67baeedef 200 in 448ms (next.js: 6ms, application-code: 443ms)
 GET /submissions/c1bba940-44f6-43b6-bdde-f7e67baeedef 200 in 456ms (next.js: 10ms, application-code: 445ms)
 GET /submissions/c1bba940-44f6-43b6-bdde-f7e67baeedef 200 in 469ms (next.js: 4ms, application-code: 465ms)
 GET /submissions/c1bba940-44f6-43b6-bdde-f7e67baeedef 200 in 403ms (next.js: 7ms, application-code: 396ms)
 GET /submissions/c1bba940-44f6-43b6-bdde-f7e67baeedef 200 in 402ms (next.js: 7ms, application-code: 394ms)
 GET /submissions/c1bba940-44f6-43b6-bdde-f7e67baeedef 200 in 490ms (next.js: 9ms, application-code: 480ms)
 GET /submissions/c1bba940-44f6-43b6-bdde-f7e67baeedef 200 in 376ms (next.js: 6ms, application-code: 370ms)
 GET /submissions/c1bba940-44f6-43b6-bdde-f7e67baeedef 200 in 479ms (next.js: 10ms, application-code: 469ms)
 GET /submissions/c1bba940-44f6-43b6-bdde-f7e67baeedef 200 in 473ms (next.js: 8ms, application-code: 464ms)
 GET /submissions/c1bba940-44f6-43b6-bdde-f7e67baeedef 200 in 455ms (next.js: 5ms, application-code: 450ms)
 GET /submissions/c1bba940-44f6-43b6-bdde-f7e67baeedef 200 in 433ms (next.js: 4ms, application-code: 429ms)
 GET /submissions/c1bba940-44f6-43b6-bdde-f7e67baeedef 200 in 485ms (next.js: 7ms, application-code: 478ms)
 GET /submissions/c1bba940-44f6-43b6-bdde-f7e67baeedef 200 in 596ms (next.js: 7ms, application-code: 589ms)
 GET /submissions/c1bba940-44f6-43b6-bdde-f7e67baeedef 200 in 471ms (next.js: 9ms, application-code: 462ms)
 GET /submissions/c1bba940-44f6-43b6-bdde-f7e67baeedef 200 in 999ms (next.js: 5ms, application-code: 994ms)
 GET /submissions/c1bba940-44f6-43b6-bdde-f7e67baeedef 200 in 438ms (next.js: 2ms, application-code: 435ms)
 GET /submissions/c1bba940-44f6-43b6-bdde-f7e67baeedef 200 in 810ms (next.js: 8ms, application-code: 802ms)
 GET /submissions/c1bba940-44f6-43b6-bdde-f7e67baeedef 200 in 344ms (next.js: 8ms, application-code: 336ms)
 GET /submissions/c1bba940-44f6-43b6-bdde-f7e67baeedef 200 in 496ms (next.js: 8ms, application-code: 488ms)
 POST /api/submissions/c1bba940-44f6-43b6-bdde-f7e67baeedef/review-decision 200 in 1249ms (next.js: 910ms, application-code: 338ms)
 GET /submissions/c1bba940-44f6-43b6-bdde-f7e67baeedef 200 in 478ms (next.js: 43ms, application-code: 435ms)
 GET /submissions/c1bba940-44f6-43b6-bdde-f7e67baeedef 200 in 518ms (next.js: 6ms, application-code: 512ms)
 POST /api/submissions/c1bba940-44f6-43b6-bdde-f7e67baeedef/review-decision 200 in 327ms (next.js: 12ms, application-code: 315ms)
 GET /submissions/c1bba940-44f6-43b6-bdde-f7e67baeedef 200 in 443ms (next.js: 5ms, application-code: 438ms)
 POST /api/submissions/c1bba940-44f6-43b6-bdde-f7e67baeedef/review-decision 200 in 607ms (next.js: 6ms, application-code: 601ms)
 GET /submissions/c1bba940-44f6-43b6-bdde-f7e67baeedef 200 in 423ms (next.js: 5ms, application-code: 418ms)
⚠ ../../node_modules/@prisma/instrumentation/node_modules/@opentelemetry/instrumentation/build/esm/platform/node/instrumentation.js
Critical dependency: the request of a dependency is an expression

Import trace for requested module:
../../node_modules/@prisma/instrumentation/node_modules/@opentelemetry/instrumentation/build/esm/platform/node/instrumentation.js
../../node_modules/@prisma/instrumentation/node_modules/@opentelemetry/instrumentation/build/esm/platform/node/index.js
../../node_modules/@prisma/instrumentation/node_modules/@opentelemetry/instrumentation/build/esm/platform/index.js
../../node_modules/@prisma/instrumentation/node_modules/@opentelemetry/instrumentation/build/esm/index.js
../../node_modules/@prisma/instrumentation/dist/index.js
../../node_modules/@sentry/node/build/cjs/integrations/tracing/prisma.js
../../node_modules/@sentry/node/build/cjs/index.js
../../node_modules/@sentry/nextjs/build/cjs/index.server.js
../../src/lib/observability/product-intake.ts
../../scripts/product-intake/approve.ts
./app/api/submissions/[submissionId]/publish/route.ts
○ Compiling /api/submissions/[submissionId]/publish ...
{
  "submission_id": "c1bba940-44f6-43b6-bdde-f7e67baeedef",
  "ok": true,
  "product": {
    "canonical_brand": "Pantene",
    "product_line": "Pro-V",
    "clean_name": "Moisture Boost Pflegespülung",
    "category_key": "conditioner",
    "affiliate_link": "https://www.mueller.de/p/pantene-pro-v-moisture-boost-pflegespuelung-PPN3150289/",
    "image_url": "https://pqdkhefxsxkyeqelqegq.supabase.co/storage/v1/object/public/product-images/product-intake/2026-07-05/c1bba940-44f6-43b6-bdde-f7e67baeedef/pantene-pro-v-moisture-boost-conditioner-6a8551187707.webp",
    "price_eur": 8.95,
    "currency": "EUR",
    "purchase_link_status": "available",
    "purchase_link_checked_at": "2026-07-05T19:49:24+02:00",
    "price_checked_at": "2026-07-05T19:49:24+02:00"
  },
  "identifiers": [
    {
      "type": "retailer_sku",
      "value": "3150289",
      "source": "https://www.mueller.de/p/pantene-pro-v-moisture-boost-pflegespuelung-PPN3150289/"
    },
    {
      "type": "gtin",
      "value": "08700216939140",
      "source": "https://static.prod.ecom.mueller.de/products/8700216939140/Markant_8700216939140_FrontView_08700216939140_C1N1_s01_v01.jpg"
    }
  ],
  "spec_operations": [
    {
      "type": "upsert",
      "table": "product_conditioner_specs",
      "rows": [
        {
          "product_id": "__PRODUCT_ID__",
          "thickness": "fine",
          "protein_moisture_balance": "snaps"
        },
        {
          "product_id": "__PRODUCT_ID__",
          "thickness": "normal",
          "protein_moisture_balance": "snaps"
        }
      ]
    },
    {
      "type": "upsert",
      "table": "product_conditioner_rerank_specs",
      "rows": [
        {
          "product_id": "__PRODUCT_ID__",
          "weight": "light",
          "repair_level": "medium",
          "balance_direction": "moisture",
          "ingredient_flags": [
            "silicones",
            "humectants"
          ]
        }
      ]
    }
  ],
  "usage_link": {
    "user_product_usage_id": "8a37eef7-e56d-4a34-b88a-33ec42bf368b",
    "next_product_id": "<created_product_id>",
    "next_product_submission_id": "c1bba940-44f6-43b6-bdde-f7e67baeedef",
    "next_match_status": "matched"
  },
  "addition_record_path": "/Users/nick/AI_work/hair_conscierge/.worktrees/product-intake-full-flow-smoke/apps/product-intake-review/data/product-additions/2026-07-05-user-submitted.json",
  "notification": {
    "sent": true,
    "conversationId": "20a8733a-cfd5-41b8-bbd9-0679dfa6fffa",
    "messageId": "9baea6d8-a28e-5167-a6c5-04a3b3570608"
  },
  "approved_product_id": "931892fb-cc29-4e50-b402-6aae0a494389"
}
 POST /api/submissions/c1bba940-44f6-43b6-bdde-f7e67baeedef/publish 200 in 4.5s (next.js: 2.1s, application-code: 2.3s)
 GET /submissions/c1bba940-44f6-43b6-bdde-f7e67baeedef 200 in 457ms (next.js: 53ms, application-code: 403ms)
 GET / 200 in 16ms (next.js: 7ms, application-code: 10ms)
 GET /submissions/c1bba940-44f6-43b6-bdde-f7e67baeedef 200 in 191ms (next.js: 88ms, application-code: 103ms)
 GET /submissions/f11b0cff-0d0d-48f3-9592-3c2f6fda4c32 200 in 960ms (next.js: 15ms, application-code: 944ms)
 GET / 200 in 97ms (next.js: 2ms, application-code: 94ms)
 GET /submissions/c1bba940-44f6-43b6-bdde-f7e67baeedef 200 in 696ms (next.js: 10ms, application-code: 686ms)
 GET /api/queue 200 in 644ms (next.js: 468ms, application-code: 176ms)
 GET /submissions/f11b0cff-0d0d-48f3-9592-3c2f6fda4c32 200 in 924ms (next.js: 419ms, application-code: 506ms)
 GET /submissions/f11b0cff-0d0d-48f3-9592-3c2f6fda4c32 200 in 433ms (next.js: 4ms, application-code: 429ms)
 GET /submissions/f11b0cff-0d0d-48f3-9592-3c2f6fda4c32 200 in 398ms (next.js: 3ms, application-code: 395ms)
 GET / 200 in 69ms (next.js: 34ms, application-code: 35ms)
 GET /api/queue 200 in 384ms (next.js: 1903µs, application-code: 382ms)
 GET /api/queue 200 in 402ms (next.js: 4ms, application-code: 398ms)
 GET /submissions/543a1eb6-dbb2-4013-9f55-82b1517c3b33 200 in 843ms (next.js: 12ms, application-code: 831ms)
 GET /submissions/543a1eb6-dbb2-4013-9f55-82b1517c3b33 200 in 536ms (next.js: 7ms, application-code: 530ms)
 GET /submissions/543a1eb6-dbb2-4013-9f55-82b1517c3b33 200 in 464ms (next.js: 9ms, application-code: 455ms)
 GET /submissions/543a1eb6-dbb2-4013-9f55-82b1517c3b33 200 in 567ms (next.js: 8ms, application-code: 558ms)
 GET /submissions/543a1eb6-dbb2-4013-9f55-82b1517c3b33 200 in 544ms (next.js: 6ms, application-code: 537ms)
 GET /submissions/543a1eb6-dbb2-4013-9f55-82b1517c3b33 200 in 509ms (next.js: 9ms, application-code: 501ms)
 GET /submissions/543a1eb6-dbb2-4013-9f55-82b1517c3b33 200 in 502ms (next.js: 8ms, application-code: 494ms)
 GET /submissions/543a1eb6-dbb2-4013-9f55-82b1517c3b33 200 in 547ms (next.js: 8ms, application-code: 539ms)
 GET /submissions/543a1eb6-dbb2-4013-9f55-82b1517c3b33 200 in 532ms (next.js: 9ms, application-code: 523ms)
 GET /submissions/543a1eb6-dbb2-4013-9f55-82b1517c3b33 200 in 555ms (next.js: 8ms, application-code: 547ms)
 GET /submissions/543a1eb6-dbb2-4013-9f55-82b1517c3b33 200 in 497ms (next.js: 9ms, application-code: 488ms)
 GET /submissions/543a1eb6-dbb2-4013-9f55-82b1517c3b33 200 in 559ms (next.js: 8ms, application-code: 551ms)
 GET /submissions/543a1eb6-dbb2-4013-9f55-82b1517c3b33 200 in 589ms (next.js: 6ms, application-code: 583ms)
 GET /submissions/543a1eb6-dbb2-4013-9f55-82b1517c3b33 200 in 503ms (next.js: 7ms, application-code: 496ms)
 GET /submissions/543a1eb6-dbb2-4013-9f55-82b1517c3b33 200 in 547ms (next.js: 8ms, application-code: 539ms)
 GET /submissions/543a1eb6-dbb2-4013-9f55-82b1517c3b33 200 in 456ms (next.js: 7ms, application-code: 448ms)
 GET /submissions/543a1eb6-dbb2-4013-9f55-82b1517c3b33 200 in 507ms (next.js: 9ms, application-code: 498ms)
 GET /submissions/543a1eb6-dbb2-4013-9f55-82b1517c3b33 200 in 554ms (next.js: 6ms, application-code: 548ms)
 GET /submissions/543a1eb6-dbb2-4013-9f55-82b1517c3b33 200 in 523ms (next.js: 7ms, application-code: 516ms)
 GET /submissions/543a1eb6-dbb2-4013-9f55-82b1517c3b33 200 in 522ms (next.js: 7ms, application-code: 515ms)
 POST /api/submissions/543a1eb6-dbb2-4013-9f55-82b1517c3b33/review-decision 200 in 1032ms (next.js: 489ms, application-code: 543ms)
 GET /submissions/543a1eb6-dbb2-4013-9f55-82b1517c3b33 200 in 685ms (next.js: 40ms, application-code: 645ms)
 GET /submissions/543a1eb6-dbb2-4013-9f55-82b1517c3b33 200 in 590ms (next.js: 4ms, application-code: 587ms)
 GET /submissions/543a1eb6-dbb2-4013-9f55-82b1517c3b33 200 in 538ms (next.js: 7ms, application-code: 531ms)
 POST /api/submissions/543a1eb6-dbb2-4013-9f55-82b1517c3b33/review-decision 200 in 169ms (next.js: 17ms, application-code: 152ms)
 GET /submissions/543a1eb6-dbb2-4013-9f55-82b1517c3b33 200 in 543ms (next.js: 5ms, application-code: 538ms)
 POST /api/submissions/543a1eb6-dbb2-4013-9f55-82b1517c3b33/rework 200 in 1340ms (next.js: 1156ms, application-code: 184ms)
 GET /submissions/543a1eb6-dbb2-4013-9f55-82b1517c3b33 200 in 705ms (next.js: 43ms, application-code: 662ms)
 GET /submissions/543a1eb6-dbb2-4013-9f55-82b1517c3b33 200 in 520ms (next.js: 3ms, application-code: 517ms)
 GET /submissions/543a1eb6-dbb2-4013-9f55-82b1517c3b33 200 in 546ms (next.js: 4ms, application-code: 543ms)
 GET /submissions/543a1eb6-dbb2-4013-9f55-82b1517c3b33 200 in 531ms (next.js: 5ms, application-code: 526ms)
 GET /submissions/543a1eb6-dbb2-4013-9f55-82b1517c3b33 200 in 511ms (next.js: 4ms, application-code: 508ms)
 GET /submissions/543a1eb6-dbb2-4013-9f55-82b1517c3b33 200 in 573ms (next.js: 8ms, application-code: 565ms)
 GET /submissions/543a1eb6-dbb2-4013-9f55-82b1517c3b33 200 in 530ms (next.js: 9ms, application-code: 521ms)
 GET /submissions/543a1eb6-dbb2-4013-9f55-82b1517c3b33 200 in 513ms (next.js: 5ms, application-code: 507ms)
 GET /submissions/543a1eb6-dbb2-4013-9f55-82b1517c3b33 200 in 651ms (next.js: 8ms, application-code: 643ms)
 GET /submissions/543a1eb6-dbb2-4013-9f55-82b1517c3b33 200 in 569ms (next.js: 8ms, application-code: 561ms)
 GET /submissions/543a1eb6-dbb2-4013-9f55-82b1517c3b33 200 in 617ms (next.js: 7ms, application-code: 609ms)
 GET /submissions/543a1eb6-dbb2-4013-9f55-82b1517c3b33 200 in 536ms (next.js: 8ms, application-code: 528ms)
 GET /submissions/543a1eb6-dbb2-4013-9f55-82b1517c3b33 200 in 571ms (next.js: 9ms, application-code: 562ms)
 GET /submissions/543a1eb6-dbb2-4013-9f55-82b1517c3b33 200 in 489ms (next.js: 8ms, application-code: 481ms)
 GET /submissions/543a1eb6-dbb2-4013-9f55-82b1517c3b33 200 in 526ms (next.js: 8ms, application-code: 517ms)
 GET /submissions/543a1eb6-dbb2-4013-9f55-82b1517c3b33 200 in 584ms (next.js: 8ms, application-code: 576ms)
 GET /submissions/543a1eb6-dbb2-4013-9f55-82b1517c3b33 200 in 557ms (next.js: 9ms, application-code: 548ms)
 GET /submissions/543a1eb6-dbb2-4013-9f55-82b1517c3b33 200 in 541ms (next.js: 8ms, application-code: 533ms)
 GET /submissions/543a1eb6-dbb2-4013-9f55-82b1517c3b33 200 in 577ms (next.js: 8ms, application-code: 568ms)
 GET /submissions/543a1eb6-dbb2-4013-9f55-82b1517c3b33 200 in 701ms (next.js: 7ms, application-code: 694ms)
 GET /submissions/543a1eb6-dbb2-4013-9f55-82b1517c3b33 200 in 537ms (next.js: 9ms, application-code: 528ms)
 GET /submissions/543a1eb6-dbb2-4013-9f55-82b1517c3b33 200 in 515ms (next.js: 7ms, application-code: 508ms)
 GET /submissions/543a1eb6-dbb2-4013-9f55-82b1517c3b33 200 in 581ms (next.js: 8ms, application-code: 573ms)
 GET /submissions/543a1eb6-dbb2-4013-9f55-82b1517c3b33 200 in 470ms (next.js: 9ms, application-code: 461ms)
 GET /submissions/543a1eb6-dbb2-4013-9f55-82b1517c3b33 200 in 544ms (next.js: 7ms, application-code: 537ms)
 GET /submissions/543a1eb6-dbb2-4013-9f55-82b1517c3b33 200 in 476ms (next.js: 9ms, application-code: 466ms)
 GET /submissions/543a1eb6-dbb2-4013-9f55-82b1517c3b33 200 in 505ms (next.js: 6ms, application-code: 499ms)
 GET /submissions/543a1eb6-dbb2-4013-9f55-82b1517c3b33 200 in 546ms (next.js: 10ms, application-code: 536ms)
 POST /api/submissions/543a1eb6-dbb2-4013-9f55-82b1517c3b33/review-decision 200 in 1098ms (next.js: 369ms, application-code: 729ms)
 GET /submissions/543a1eb6-dbb2-4013-9f55-82b1517c3b33 200 in 1025ms (next.js: 46ms, application-code: 979ms)
 GET /submissions/543a1eb6-dbb2-4013-9f55-82b1517c3b33 200 in 557ms (next.js: 8ms, application-code: 549ms)
 POST /api/submissions/543a1eb6-dbb2-4013-9f55-82b1517c3b33/review-decision 200 in 713ms (next.js: 14ms, application-code: 699ms)
 GET /submissions/543a1eb6-dbb2-4013-9f55-82b1517c3b33 200 in 583ms (next.js: 11ms, application-code: 572ms)
 POST /api/submissions/543a1eb6-dbb2-4013-9f55-82b1517c3b33/review-decision 200 in 429ms (next.js: 8ms, application-code: 421ms)
 GET /submissions/543a1eb6-dbb2-4013-9f55-82b1517c3b33 200 in 509ms (next.js: 4ms, application-code: 506ms)
⚠ ../../node_modules/@prisma/instrumentation/node_modules/@opentelemetry/instrumentation/build/esm/platform/node/instrumentation.js
Critical dependency: the request of a dependency is an expression

Import trace for requested module:
../../node_modules/@prisma/instrumentation/node_modules/@opentelemetry/instrumentation/build/esm/platform/node/instrumentation.js
../../node_modules/@prisma/instrumentation/node_modules/@opentelemetry/instrumentation/build/esm/platform/node/index.js
../../node_modules/@prisma/instrumentation/node_modules/@opentelemetry/instrumentation/build/esm/platform/index.js
../../node_modules/@prisma/instrumentation/node_modules/@opentelemetry/instrumentation/build/esm/index.js
../../node_modules/@prisma/instrumentation/dist/index.js
../../node_modules/@sentry/node/build/cjs/integrations/tracing/prisma.js
../../node_modules/@sentry/node/build/cjs/index.js
../../node_modules/@sentry/nextjs/build/cjs/index.server.js
../../src/lib/observability/product-intake.ts
../../scripts/product-intake/approve.ts
./app/api/submissions/[submissionId]/publish/route.ts
○ Compiling /api/submissions/[submissionId]/publish ...
{
  "submission_id": "543a1eb6-dbb2-4013-9f55-82b1517c3b33",
  "ok": true,
  "product": {
    "canonical_brand": "Neqi",
    "product_line": "Diamond Glass",
    "clean_name": "Conditioner",
    "category_key": "conditioner",
    "affiliate_link": "https://www.dm.de/p/d/3101240/neqi-conditioner-diamond-glass",
    "image_url": "https://pqdkhefxsxkyeqelqegq.supabase.co/storage/v1/object/public/product-images/product-intake/2026-07-05/543a1eb6-dbb2-4013-9f55-82b1517c3b33/neqi-diamond-glass-conditioner-9e6b663cb850.webp",
    "price_eur": 12.95,
    "currency": "EUR",
    "purchase_link_status": "available",
    "purchase_link_checked_at": "2026-07-05T21:49:00+02:00",
    "price_checked_at": "2026-07-05T21:49:00+02:00"
  },
  "identifiers": [
    {
      "type": "gtin",
      "value": "4063528097613",
      "source": "https://www.dm.de/p/d/3101240/neqi-conditioner-diamond-glass"
    },
    {
      "type": "retailer_sku",
      "value": "3101240",
      "source": "https://www.dm.de/p/d/3101240/neqi-conditioner-diamond-glass"
    },
    {
      "type": "retailer_sku",
      "value": "NQ-DG-CO-201",
      "source": "https://en.johnbeerens.com/collections/merk-neqi/products/neqi-diamond-glass-conditioner-250ml"
    },
    {
      "type": "retailer_url",
      "value": "https://www.dm.de/p/d/3101240/neqi-conditioner-diamond-glass",
      "source": "https://www.dm.de/p/d/3101240/neqi-conditioner-diamond-glass"
    }
  ],
  "spec_operations": [
    {
      "type": "upsert",
      "table": "product_conditioner_specs",
      "rows": [
        {
          "product_id": "__PRODUCT_ID__",
          "thickness": "fine",
          "protein_moisture_balance": "snaps"
        },
        {
          "product_id": "__PRODUCT_ID__",
          "thickness": "normal",
          "protein_moisture_balance": "snaps"
        },
        {
          "product_id": "__PRODUCT_ID__",
          "thickness": "coarse",
          "protein_moisture_balance": "snaps"
        }
      ]
    },
    {
      "type": "upsert",
      "table": "product_conditioner_rerank_specs",
      "rows": [
        {
          "product_id": "__PRODUCT_ID__",
          "weight": "medium",
          "repair_level": "low",
          "balance_direction": "moisture",
          "ingredient_flags": [
            "silicones",
            "oils",
            "proteins",
            "humectants"
          ]
        }
      ]
    }
  ],
  "usage_link": {
    "user_product_usage_id": "8a37eef7-e56d-4a34-b88a-33ec42bf368b",
    "next_product_id": "<created_product_id>",
    "next_product_submission_id": "543a1eb6-dbb2-4013-9f55-82b1517c3b33",
    "next_match_status": "matched"
  },
  "addition_record_path": "/Users/nick/AI_work/hair_conscierge/.worktrees/product-intake-full-flow-smoke/apps/product-intake-review/data/product-additions/2026-07-05-user-submitted.json",
  "notification": {
    "sent": true,
    "conversationId": "3f748c2b-a652-4f40-b049-f6dd028e817c",
    "messageId": "2439665b-fb4b-5266-a614-ed51e8d00400"
  },
  "approved_product_id": "5f4f1300-bc15-4ce0-9ed8-035feb606bde"
}
 POST /api/submissions/543a1eb6-dbb2-4013-9f55-82b1517c3b33/publish 200 in 4.2s (next.js: 1571ms, application-code: 2.7s)
 GET /submissions/543a1eb6-dbb2-4013-9f55-82b1517c3b33 200 in 540ms (next.js: 60ms, application-code: 479ms)
 GET / 200 in 176ms (next.js: 40ms, application-code: 136ms)
 GET / 200 in 34ms (next.js: 5ms, application-code: 30ms)
⚠ ../../node_modules/@prisma/instrumentation/node_modules/@opentelemetry/instrumentation/build/esm/platform/node/instrumentation.js
Critical dependency: the request of a dependency is an expression

Import trace for requested module:
../../node_modules/@prisma/instrumentation/node_modules/@opentelemetry/instrumentation/build/esm/platform/node/instrumentation.js
../../node_modules/@prisma/instrumentation/node_modules/@opentelemetry/instrumentation/build/esm/platform/node/index.js
../../node_modules/@prisma/instrumentation/node_modules/@opentelemetry/instrumentation/build/esm/platform/index.js
../../node_modules/@prisma/instrumentation/node_modules/@opentelemetry/instrumentation/build/esm/index.js
../../node_modules/@prisma/instrumentation/dist/index.js
../../node_modules/@sentry/node/build/cjs/integrations/tracing/prisma.js
../../node_modules/@sentry/node/build/cjs/index.js
../../node_modules/@sentry/nextjs/build/cjs/index.server.js
../../src/lib/observability/product-intake.ts
../../scripts/product-intake/approve.ts
./app/api/submissions/[submissionId]/publish/route.ts
 GET / 200 in 113ms (next.js: 1580µs, application-code: 112ms)
⨯ Failed to generate static paths for /submissions/[submissionId]:
TypeError: Cannot read properties of undefined (reading 'length')
    at <unknown> (.next/dev/server/app/submissions/[submissionId]/page.js:441:47)
    at Object.<anonymous> (.next/dev/server/app/submissions/[submissionId]/page.js:444:3) {
  type: 'TypeError'
}
 GET /api/queue 200 in 849ms (next.js: 564ms, application-code: 284ms)
 GET /submissions/543a1eb6-dbb2-4013-9f55-82b1517c3b33 200 in 1085ms (next.js: 7ms, application-code: 1078ms)
 GET /api/queue 200 in 242ms (next.js: 1286µs, application-code: 240ms)
 GET /api/queue 200 in 386ms (next.js: 21ms, application-code: 365ms)
 GET /submissions/31599472-d295-4f2f-8a3b-b6caaabc6c8b 200 in 1301ms (next.js: 539ms, application-code: 762ms)
 GET /submissions/31599472-d295-4f2f-8a3b-b6caaabc6c8b 200 in 516ms (next.js: 9ms, application-code: 507ms)
 GET /submissions/31599472-d295-4f2f-8a3b-b6caaabc6c8b 200 in 445ms (next.js: 9ms, application-code: 436ms)
 GET /submissions/31599472-d295-4f2f-8a3b-b6caaabc6c8b 200 in 455ms (next.js: 9ms, application-code: 446ms)
 GET /submissions/31599472-d295-4f2f-8a3b-b6caaabc6c8b 200 in 399ms (next.js: 9ms, application-code: 389ms)
 GET /submissions/31599472-d295-4f2f-8a3b-b6caaabc6c8b 200 in 480ms (next.js: 7ms, application-code: 473ms)
 GET /submissions/31599472-d295-4f2f-8a3b-b6caaabc6c8b 200 in 385ms (next.js: 9ms, application-code: 376ms)
 GET /submissions/31599472-d295-4f2f-8a3b-b6caaabc6c8b 200 in 445ms (next.js: 8ms, application-code: 437ms)
 GET /submissions/31599472-d295-4f2f-8a3b-b6caaabc6c8b 200 in 386ms (next.js: 9ms, application-code: 377ms)
 GET /submissions/31599472-d295-4f2f-8a3b-b6caaabc6c8b 200 in 468ms (next.js: 11ms, application-code: 458ms)
 GET /submissions/31599472-d295-4f2f-8a3b-b6caaabc6c8b 200 in 461ms (next.js: 10ms, application-code: 451ms)
 GET /submissions/31599472-d295-4f2f-8a3b-b6caaabc6c8b 200 in 454ms (next.js: 8ms, application-code: 446ms)
 GET /submissions/31599472-d295-4f2f-8a3b-b6caaabc6c8b 200 in 480ms (next.js: 10ms, application-code: 470ms)
 GET /submissions/31599472-d295-4f2f-8a3b-b6caaabc6c8b 200 in 824ms (next.js: 9ms, application-code: 815ms)
 GET /submissions/31599472-d295-4f2f-8a3b-b6caaabc6c8b 200 in 443ms (next.js: 8ms, application-code: 434ms)
 GET /submissions/31599472-d295-4f2f-8a3b-b6caaabc6c8b 200 in 412ms (next.js: 9ms, application-code: 403ms)
 GET /submissions/31599472-d295-4f2f-8a3b-b6caaabc6c8b 200 in 610ms (next.js: 11ms, application-code: 599ms)
 GET /submissions/31599472-d295-4f2f-8a3b-b6caaabc6c8b 200 in 595ms (next.js: 9ms, application-code: 586ms)
 GET /submissions/31599472-d295-4f2f-8a3b-b6caaabc6c8b 200 in 420ms (next.js: 9ms, application-code: 411ms)
 GET /submissions/31599472-d295-4f2f-8a3b-b6caaabc6c8b 200 in 345ms (next.js: 7ms, application-code: 338ms)
 GET /submissions/31599472-d295-4f2f-8a3b-b6caaabc6c8b 200 in 346ms (next.js: 10ms, application-code: 337ms)
 GET /submissions/31599472-d295-4f2f-8a3b-b6caaabc6c8b 200 in 471ms (next.js: 9ms, application-code: 462ms)
 GET /submissions/31599472-d295-4f2f-8a3b-b6caaabc6c8b 200 in 383ms (next.js: 9ms, application-code: 374ms)
 GET /submissions/31599472-d295-4f2f-8a3b-b6caaabc6c8b 200 in 536ms (next.js: 8ms, application-code: 528ms)
 GET /submissions/31599472-d295-4f2f-8a3b-b6caaabc6c8b 200 in 472ms (next.js: 9ms, application-code: 463ms)
 GET /submissions/31599472-d295-4f2f-8a3b-b6caaabc6c8b 200 in 432ms (next.js: 10ms, application-code: 422ms)
 GET /submissions/31599472-d295-4f2f-8a3b-b6caaabc6c8b 200 in 430ms (next.js: 8ms, application-code: 422ms)
 GET /submissions/31599472-d295-4f2f-8a3b-b6caaabc6c8b 200 in 486ms (next.js: 9ms, application-code: 477ms)
 GET /submissions/31599472-d295-4f2f-8a3b-b6caaabc6c8b 200 in 461ms (next.js: 6ms, application-code: 454ms)
 GET /submissions/31599472-d295-4f2f-8a3b-b6caaabc6c8b 200 in 444ms (next.js: 9ms, application-code: 435ms)
 GET /submissions/31599472-d295-4f2f-8a3b-b6caaabc6c8b 200 in 477ms (next.js: 9ms, application-code: 468ms)
 GET /submissions/31599472-d295-4f2f-8a3b-b6caaabc6c8b 200 in 683ms (next.js: 11ms, application-code: 671ms)
 GET /submissions/31599472-d295-4f2f-8a3b-b6caaabc6c8b 200 in 430ms (next.js: 10ms, application-code: 420ms)
 GET /submissions/31599472-d295-4f2f-8a3b-b6caaabc6c8b 200 in 404ms (next.js: 10ms, application-code: 394ms)
 GET /submissions/31599472-d295-4f2f-8a3b-b6caaabc6c8b 200 in 464ms (next.js: 10ms, application-code: 454ms)
 GET /submissions/31599472-d295-4f2f-8a3b-b6caaabc6c8b 200 in 355ms (next.js: 9ms, application-code: 346ms)
 GET /submissions/31599472-d295-4f2f-8a3b-b6caaabc6c8b 200 in 431ms (next.js: 10ms, application-code: 422ms)
 GET /submissions/31599472-d295-4f2f-8a3b-b6caaabc6c8b 200 in 369ms (next.js: 8ms, application-code: 362ms)
 GET /submissions/31599472-d295-4f2f-8a3b-b6caaabc6c8b 200 in 458ms (next.js: 9ms, application-code: 449ms)
 GET / 200 in 19ms (next.js: 10ms, application-code: 9ms)
 GET /submissions/31599472-d295-4f2f-8a3b-b6caaabc6c8b 200 in 442ms (next.js: 10ms, application-code: 433ms)
 GET /api/queue 200 in 203ms (next.js: 1032µs, application-code: 202ms)
 GET /api/queue 200 in 248ms (next.js: 2ms, application-code: 246ms)
 GET /submissions/31599472-d295-4f2f-8a3b-b6caaabc6c8b 200 in 478ms (next.js: 8ms, application-code: 469ms)
 POST /api/submissions/31599472-d295-4f2f-8a3b-b6caaabc6c8b/review-decision 200 in 702ms (next.js: 448ms, application-code: 253ms)
 GET /submissions/31599472-d295-4f2f-8a3b-b6caaabc6c8b 200 in 497ms (next.js: 33ms, application-code: 463ms)
 GET /submissions/31599472-d295-4f2f-8a3b-b6caaabc6c8b 200 in 425ms (next.js: 10ms, application-code: 415ms)
 POST /api/submissions/31599472-d295-4f2f-8a3b-b6caaabc6c8b/review-decision 200 in 361ms (next.js: 13ms, application-code: 348ms)
 POST /api/submissions/31599472-d295-4f2f-8a3b-b6caaabc6c8b/rework 200 in 1724ms (next.js: 422ms, application-code: 1302ms)
 GET /submissions/31599472-d295-4f2f-8a3b-b6caaabc6c8b 200 in 2.7s (next.js: 5ms, application-code: 2.6s)
 GET /submissions/31599472-d295-4f2f-8a3b-b6caaabc6c8b 200 in 551ms (next.js: 29ms, application-code: 521ms)
 GET /submissions/31599472-d295-4f2f-8a3b-b6caaabc6c8b 200 in 533ms (next.js: 8ms, application-code: 525ms)
 GET /submissions/31599472-d295-4f2f-8a3b-b6caaabc6c8b 200 in 499ms (next.js: 9ms, application-code: 490ms)
 POST /api/submissions/31599472-d295-4f2f-8a3b-b6caaabc6c8b/review-decision 200 in 387ms (next.js: 16ms, application-code: 371ms)
 GET /submissions/31599472-d295-4f2f-8a3b-b6caaabc6c8b 200 in 374ms (next.js: 3ms, application-code: 371ms)
 GET /submissions/31599472-d295-4f2f-8a3b-b6caaabc6c8b 200 in 464ms (next.js: 8ms, application-code: 456ms)
 GET /submissions/31599472-d295-4f2f-8a3b-b6caaabc6c8b 200 in 486ms (next.js: 8ms, application-code: 478ms)
 GET /submissions/31599472-d295-4f2f-8a3b-b6caaabc6c8b 200 in 492ms (next.js: 9ms, application-code: 482ms)
 GET /submissions/31599472-d295-4f2f-8a3b-b6caaabc6c8b 200 in 483ms (next.js: 10ms, application-code: 474ms)
 GET /submissions/31599472-d295-4f2f-8a3b-b6caaabc6c8b 200 in 497ms (next.js: 9ms, application-code: 488ms)
 GET /submissions/31599472-d295-4f2f-8a3b-b6caaabc6c8b 200 in 508ms (next.js: 4ms, application-code: 504ms)
 GET /submissions/31599472-d295-4f2f-8a3b-b6caaabc6c8b 200 in 477ms (next.js: 7ms, application-code: 470ms)
 GET /submissions/31599472-d295-4f2f-8a3b-b6caaabc6c8b 200 in 398ms (next.js: 8ms, application-code: 390ms)
 GET /submissions/31599472-d295-4f2f-8a3b-b6caaabc6c8b 200 in 481ms (next.js: 4ms, application-code: 477ms)
 GET / 200 in 35ms (next.js: 20ms, application-code: 15ms)
 GET /api/queue 200 in 585ms (next.js: 284ms, application-code: 300ms)
 GET /api/queue 200 in 577ms (next.js: 274ms, application-code: 303ms)
 GET /submissions/31599472-d295-4f2f-8a3b-b6caaabc6c8b 200 in 453ms (next.js: 46ms, application-code: 407ms)
 GET /submissions/31599472-d295-4f2f-8a3b-b6caaabc6c8b 200 in 513ms (next.js: 7ms, application-code: 506ms)
 GET /submissions/31599472-d295-4f2f-8a3b-b6caaabc6c8b 200 in 495ms (next.js: 8ms, application-code: 487ms)
 POST /api/submissions/31599472-d295-4f2f-8a3b-b6caaabc6c8b/review-decision 200 in 385ms (next.js: 8ms, application-code: 377ms)
 GET /submissions/31599472-d295-4f2f-8a3b-b6caaabc6c8b 200 in 413ms (next.js: 3ms, application-code: 410ms)
 GET /submissions/31599472-d295-4f2f-8a3b-b6caaabc6c8b 200 in 483ms (next.js: 9ms, application-code: 474ms)
 GET /submissions/31599472-d295-4f2f-8a3b-b6caaabc6c8b 200 in 414ms (next.js: 10ms, application-code: 405ms)
 GET /submissions/31599472-d295-4f2f-8a3b-b6caaabc6c8b 200 in 439ms (next.js: 9ms, application-code: 430ms)
 GET /submissions/31599472-d295-4f2f-8a3b-b6caaabc6c8b 200 in 413ms (next.js: 9ms, application-code: 403ms)
 GET /submissions/31599472-d295-4f2f-8a3b-b6caaabc6c8b 200 in 589ms (next.js: 9ms, application-code: 580ms)
 GET /submissions/31599472-d295-4f2f-8a3b-b6caaabc6c8b 200 in 428ms (next.js: 17ms, application-code: 411ms)
 GET /submissions/31599472-d295-4f2f-8a3b-b6caaabc6c8b 200 in 450ms (next.js: 7ms, application-code: 444ms)
 GET /submissions/31599472-d295-4f2f-8a3b-b6caaabc6c8b 200 in 553ms (next.js: 3ms, application-code: 549ms)
 GET /submissions/31599472-d295-4f2f-8a3b-b6caaabc6c8b 200 in 499ms (next.js: 11ms, application-code: 488ms)
 GET /submissions/31599472-d295-4f2f-8a3b-b6caaabc6c8b 200 in 514ms (next.js: 7ms, application-code: 507ms)
 GET /submissions/31599472-d295-4f2f-8a3b-b6caaabc6c8b 200 in 440ms (next.js: 3ms, application-code: 436ms)
 GET /submissions/31599472-d295-4f2f-8a3b-b6caaabc6c8b 200 in 475ms (next.js: 6ms, application-code: 469ms)
 GET /submissions/31599472-d295-4f2f-8a3b-b6caaabc6c8b 200 in 456ms (next.js: 7ms, application-code: 449ms)
 GET /submissions/31599472-d295-4f2f-8a3b-b6caaabc6c8b 200 in 446ms (next.js: 3ms, application-code: 444ms)
 GET /submissions/31599472-d295-4f2f-8a3b-b6caaabc6c8b 200 in 436ms (next.js: 4ms, application-code: 431ms)
 GET /submissions/31599472-d295-4f2f-8a3b-b6caaabc6c8b 200 in 460ms (next.js: 9ms, application-code: 450ms)
 GET /submissions/31599472-d295-4f2f-8a3b-b6caaabc6c8b 200 in 387ms (next.js: 7ms, application-code: 380ms)
 GET /submissions/31599472-d295-4f2f-8a3b-b6caaabc6c8b 200 in 426ms (next.js: 4ms, application-code: 422ms)
 GET /submissions/31599472-d295-4f2f-8a3b-b6caaabc6c8b 200 in 397ms (next.js: 7ms, application-code: 390ms)
 GET /submissions/31599472-d295-4f2f-8a3b-b6caaabc6c8b 200 in 464ms (next.js: 3ms, application-code: 462ms)
 GET /submissions/31599472-d295-4f2f-8a3b-b6caaabc6c8b 200 in 380ms (next.js: 7ms, application-code: 373ms)
 GET /api/queue 200 in 213ms (next.js: 3ms, application-code: 210ms)
 GET /submissions/31599472-d295-4f2f-8a3b-b6caaabc6c8b 200 in 435ms (next.js: 3ms, application-code: 431ms)
 GET /submissions/31599472-d295-4f2f-8a3b-b6caaabc6c8b 200 in 465ms (next.js: 7ms, application-code: 458ms)
 GET /submissions/31599472-d295-4f2f-8a3b-b6caaabc6c8b 200 in 443ms (next.js: 4ms, application-code: 439ms)
 GET /submissions/31599472-d295-4f2f-8a3b-b6caaabc6c8b 200 in 486ms (next.js: 8ms, application-code: 478ms)
 GET /submissions/31599472-d295-4f2f-8a3b-b6caaabc6c8b 200 in 462ms (next.js: 7ms, application-code: 455ms)
 GET /submissions/31599472-d295-4f2f-8a3b-b6caaabc6c8b 200 in 453ms (next.js: 5ms, application-code: 448ms)
 GET /submissions/31599472-d295-4f2f-8a3b-b6caaabc6c8b 200 in 431ms (next.js: 3ms, application-code: 427ms)
 GET /submissions/31599472-d295-4f2f-8a3b-b6caaabc6c8b 200 in 464ms (next.js: 7ms, application-code: 457ms)
 GET /submissions/31599472-d295-4f2f-8a3b-b6caaabc6c8b 200 in 464ms (next.js: 4ms, application-code: 460ms)
 GET /submissions/31599472-d295-4f2f-8a3b-b6caaabc6c8b 200 in 505ms (next.js: 6ms, application-code: 499ms)
 GET /submissions/31599472-d295-4f2f-8a3b-b6caaabc6c8b 200 in 393ms (next.js: 3ms, application-code: 389ms)
 GET /submissions/31599472-d295-4f2f-8a3b-b6caaabc6c8b 200 in 474ms (next.js: 3ms, application-code: 471ms)
 GET /submissions/31599472-d295-4f2f-8a3b-b6caaabc6c8b 200 in 367ms (next.js: 4ms, application-code: 363ms)
 GET /submissions/31599472-d295-4f2f-8a3b-b6caaabc6c8b 200 in 444ms (next.js: 3ms, application-code: 441ms)
 GET /submissions/31599472-d295-4f2f-8a3b-b6caaabc6c8b 200 in 483ms (next.js: 6ms, application-code: 477ms)
 GET /submissions/31599472-d295-4f2f-8a3b-b6caaabc6c8b 200 in 445ms (next.js: 7ms, application-code: 438ms)
 GET /submissions/31599472-d295-4f2f-8a3b-b6caaabc6c8b 200 in 504ms (next.js: 4ms, application-code: 500ms)
 GET /submissions/31599472-d295-4f2f-8a3b-b6caaabc6c8b 200 in 515ms (next.js: 7ms, application-code: 508ms)
 GET /submissions/31599472-d295-4f2f-8a3b-b6caaabc6c8b 200 in 472ms (next.js: 5ms, application-code: 466ms)
 GET /submissions/31599472-d295-4f2f-8a3b-b6caaabc6c8b 200 in 467ms (next.js: 6ms, application-code: 461ms)
 GET /submissions/31599472-d295-4f2f-8a3b-b6caaabc6c8b 200 in 470ms (next.js: 7ms, application-code: 462ms)
 GET /submissions/31599472-d295-4f2f-8a3b-b6caaabc6c8b 200 in 391ms (next.js: 7ms, application-code: 384ms)
 GET /submissions/31599472-d295-4f2f-8a3b-b6caaabc6c8b 200 in 532ms (next.js: 3ms, application-code: 529ms)
 GET /submissions/31599472-d295-4f2f-8a3b-b6caaabc6c8b 200 in 469ms (next.js: 8ms, application-code: 461ms)
 GET /submissions/31599472-d295-4f2f-8a3b-b6caaabc6c8b 200 in 489ms (next.js: 6ms, application-code: 483ms)
 POST /api/submissions/31599472-d295-4f2f-8a3b-b6caaabc6c8b/review-decision 200 in 293ms (next.js: 8ms, application-code: 285ms)
 GET /submissions/31599472-d295-4f2f-8a3b-b6caaabc6c8b 200 in 444ms (next.js: 3ms, application-code: 441ms)
 GET /submissions/31599472-d295-4f2f-8a3b-b6caaabc6c8b 200 in 396ms (next.js: 9ms, application-code: 387ms)
 POST /api/submissions/31599472-d295-4f2f-8a3b-b6caaabc6c8b/rework 200 in 226ms (next.js: 15ms, application-code: 211ms)
 GET /submissions/31599472-d295-4f2f-8a3b-b6caaabc6c8b 200 in 334ms (next.js: 2ms, application-code: 332ms)
 GET /submissions/31599472-d295-4f2f-8a3b-b6caaabc6c8b 200 in 481ms (next.js: 7ms, application-code: 474ms)
 GET /submissions/31599472-d295-4f2f-8a3b-b6caaabc6c8b 200 in 388ms (next.js: 7ms, application-code: 382ms)
 GET /submissions/31599472-d295-4f2f-8a3b-b6caaabc6c8b 200 in 507ms (next.js: 9ms, application-code: 498ms)
 GET /submissions/31599472-d295-4f2f-8a3b-b6caaabc6c8b 200 in 418ms (next.js: 7ms, application-code: 411ms)
 GET /submissions/31599472-d295-4f2f-8a3b-b6caaabc6c8b 200 in 456ms (next.js: 7ms, application-code: 449ms)
 GET /submissions/31599472-d295-4f2f-8a3b-b6caaabc6c8b 200 in 499ms (next.js: 11ms, application-code: 489ms)
 GET /submissions/31599472-d295-4f2f-8a3b-b6caaabc6c8b 200 in 473ms (next.js: 9ms, application-code: 464ms)
 GET /submissions/31599472-d295-4f2f-8a3b-b6caaabc6c8b 200 in 463ms (next.js: 10ms, application-code: 453ms)
 GET /submissions/31599472-d295-4f2f-8a3b-b6caaabc6c8b 200 in 532ms (next.js: 8ms, application-code: 523ms)
 GET /submissions/31599472-d295-4f2f-8a3b-b6caaabc6c8b 200 in 485ms (next.js: 9ms, application-code: 476ms)
 GET /submissions/31599472-d295-4f2f-8a3b-b6caaabc6c8b 200 in 462ms (next.js: 9ms, application-code: 453ms)
 GET /submissions/31599472-d295-4f2f-8a3b-b6caaabc6c8b 200 in 493ms (next.js: 6ms, application-code: 486ms)
 GET /submissions/31599472-d295-4f2f-8a3b-b6caaabc6c8b 200 in 410ms (next.js: 10ms, application-code: 401ms)
 GET /submissions/31599472-d295-4f2f-8a3b-b6caaabc6c8b 200 in 456ms (next.js: 9ms, application-code: 447ms)
 GET /submissions/31599472-d295-4f2f-8a3b-b6caaabc6c8b 200 in 419ms (next.js: 9ms, application-code: 410ms)
 GET /submissions/31599472-d295-4f2f-8a3b-b6caaabc6c8b 200 in 416ms (next.js: 4ms, application-code: 412ms)
 GET /submissions/31599472-d295-4f2f-8a3b-b6caaabc6c8b 200 in 395ms (next.js: 9ms, application-code: 386ms)
 GET /submissions/31599472-d295-4f2f-8a3b-b6caaabc6c8b 200 in 498ms (next.js: 9ms, application-code: 489ms)
 GET /submissions/31599472-d295-4f2f-8a3b-b6caaabc6c8b 200 in 533ms (next.js: 10ms, application-code: 523ms)
 GET /submissions/31599472-d295-4f2f-8a3b-b6caaabc6c8b 200 in 487ms (next.js: 15ms, application-code: 472ms)
 GET /submissions/31599472-d295-4f2f-8a3b-b6caaabc6c8b 200 in 382ms (next.js: 3ms, application-code: 379ms)
 GET /submissions/31599472-d295-4f2f-8a3b-b6caaabc6c8b 200 in 457ms (next.js: 9ms, application-code: 448ms)
 GET /submissions/31599472-d295-4f2f-8a3b-b6caaabc6c8b 200 in 478ms (next.js: 9ms, application-code: 469ms)
 GET /submissions/31599472-d295-4f2f-8a3b-b6caaabc6c8b 200 in 464ms (next.js: 9ms, application-code: 454ms)
 GET /submissions/31599472-d295-4f2f-8a3b-b6caaabc6c8b 200 in 502ms (next.js: 8ms, application-code: 493ms)
 POST /api/submissions/31599472-d295-4f2f-8a3b-b6caaabc6c8b/review-decision 200 in 312ms (next.js: 13ms, application-code: 298ms)
 GET /submissions/31599472-d295-4f2f-8a3b-b6caaabc6c8b 200 in 430ms (next.js: 5ms, application-code: 425ms)
 POST /api/submissions/31599472-d295-4f2f-8a3b-b6caaabc6c8b/review-decision 200 in 291ms (next.js: 3ms, application-code: 288ms)
 GET /submissions/31599472-d295-4f2f-8a3b-b6caaabc6c8b 200 in 438ms (next.js: 3ms, application-code: 435ms)
 GET /submissions/31599472-d295-4f2f-8a3b-b6caaabc6c8b 200 in 433ms (next.js: 9ms, application-code: 423ms)
 POST /api/jobs/7e86eca9-0875-479f-855a-9fd667268fb7/retry 200 in 1413ms (next.js: 857ms, application-code: 556ms)
 GET /api/queue 200 in 381ms (next.js: 195ms, application-code: 186ms)
 GET /api/submissions/31599472-d295-4f2f-8a3b-b6caaabc6c8b 404 in 410ms (next.js: 358ms, application-code: 52ms)
 GET / 200 in 67ms (next.js: 8ms, application-code: 59ms)
 GET /submissions/31599472-d295-4f2f-8a3b-b6caaabc6c8b 200 in 207ms (next.js: 64ms, application-code: 143ms)
 GET /submissions/543a1eb6-dbb2-4013-9f55-82b1517c3b33 200 in 56ms (next.js: 1356µs, application-code: 55ms)
 GET / 200 in 31ms (next.js: 10ms, application-code: 20ms)
 GET /api/queue 200 in 564ms (next.js: 1795µs, application-code: 563ms)
 GET /api/queue 200 in 652ms (next.js: 15ms, application-code: 636ms)
 GET /api/queue 200 in 702ms (next.js: 1826µs, application-code: 700ms)
 GET /submissions/31599472-d295-4f2f-8a3b-b6caaabc6c8b 200 in 632ms (next.js: 6ms, application-code: 626ms)
 POST /api/submissions/31599472-d295-4f2f-8a3b-b6caaabc6c8b/review-decision 200 in 1053ms (next.js: 399ms, application-code: 654ms)
 GET /submissions/31599472-d295-4f2f-8a3b-b6caaabc6c8b 200 in 485ms (next.js: 36ms, application-code: 449ms)
⚠ ../../node_modules/@prisma/instrumentation/node_modules/@opentelemetry/instrumentation/build/esm/platform/node/instrumentation.js
Critical dependency: the request of a dependency is an expression

Import trace for requested module:
../../node_modules/@prisma/instrumentation/node_modules/@opentelemetry/instrumentation/build/esm/platform/node/instrumentation.js
../../node_modules/@prisma/instrumentation/node_modules/@opentelemetry/instrumentation/build/esm/platform/node/index.js
../../node_modules/@prisma/instrumentation/node_modules/@opentelemetry/instrumentation/build/esm/platform/index.js
../../node_modules/@prisma/instrumentation/node_modules/@opentelemetry/instrumentation/build/esm/index.js
../../node_modules/@prisma/instrumentation/dist/index.js
../../node_modules/@sentry/node/build/cjs/integrations/tracing/prisma.js
../../node_modules/@sentry/node/build/cjs/index.js
../../node_modules/@sentry/nextjs/build/cjs/index.server.js
../../src/lib/observability/product-intake.ts
../../scripts/product-intake/approve.ts
./app/api/submissions/[submissionId]/publish/route.ts
○ Compiling /api/submissions/[submissionId]/publish ...
{
  "submission_id": "31599472-d295-4f2f-8a3b-b6caaabc6c8b",
  "ok": true,
  "product": {
    "canonical_brand": "Bali Curls",
    "product_line": "Bonding Repair",
    "clean_name": "Leave-In Cream N°3",
    "category_key": "leave_in",
    "affiliate_link": "https://www.bali-care.com/de-de/products/bonding-repair-leave-in-cream-n-3",
    "image_url": "https://pqdkhefxsxkyeqelqegq.supabase.co/storage/v1/object/public/product-images/product-intake/2026-07-05/31599472-d295-4f2f-8a3b-b6caaabc6c8b/bali-curls-cream-bonding-repair-leave-in-6d7f2b078a4f.webp",
    "price_eur": 13.9,
    "currency": "EUR",
    "purchase_link_status": "available",
    "purchase_link_checked_at": "2026-07-05T23:50:00+02:00",
    "price_checked_at": "2026-07-05T23:50:00+02:00"
  },
  "identifiers": [
    {
      "type": "gtin",
      "value": "4262391991732",
      "source": "https://www.haar-shop.ch/de/76228369-bonding-repair-leave-in-creme.html"
    },
    {
      "type": "retailer_sku",
      "value": "55315965018456",
      "source": "https://www.bali-care.com/de-de/products/bonding-repair-leave-in-cream-n-3"
    },
    {
      "type": "retailer_sku",
      "value": "76228369",
      "source": "https://www.haar-shop.ch/de/76228369-bonding-repair-leave-in-creme.html"
    },
    {
      "type": "retailer_url",
      "value": "https://www.bali-care.com/de-de/products/bonding-repair-leave-in-cream-n-3",
      "source": "https://www.bali-care.com/de-de/products/bonding-repair-leave-in-cream-n-3"
    }
  ],
  "spec_operations": [
    {
      "type": "upsert",
      "table": "product_leave_in_specs",
      "rows": [
        {
          "product_id": "__PRODUCT_ID__",
          "format": "cream",
          "weight": "light",
          "roles": [
            "extension_conditioner",
            "styling_prep"
          ],
          "provides_heat_protection": false,
          "heat_protection_max_c": null,
          "heat_activation_required": false,
          "care_benefits": [
            "moisture",
            "protein",
            "repair",
            "detangling",
            "anti_frizz",
            "shine",
            "curl_definition"
          ],
          "ingredient_flags": [
            "polymers",
            "proteins",
            "humectants"
          ],
          "application_stage": [
            "towel_dry"
          ]
        }
      ]
    },
    {
      "type": "upsert",
      "table": "product_leave_in_fit_specs",
      "rows": [
        {
          "product_id": "__PRODUCT_ID__",
          "weight": "light",
          "conditioner_relationship": "booster_only",
          "care_benefits": [
            "curl_definition",
            "repair",
            "detangle_smooth"
          ]
        }
      ]
    },
    {
      "type": "upsert",
      "table": "product_leave_in_eligibility",
      "rows": [
        {
          "product_id": "__PRODUCT_ID__",
          "thickness": "fine",
          "need_bucket": "repair",
          "styling_context": "non_heat_style"
        },
        {
          "product_id": "__PRODUCT_ID__",
          "thickness": "normal",
          "need_bucket": "repair",
          "styling_context": "non_heat_style"
        },
        {
          "product_id": "__PRODUCT_ID__",
          "thickness": "normal",
          "need_bucket": "curl_definition",
          "styling_context": "air_dry"
        },
        {
          "product_id": "__PRODUCT_ID__",
          "thickness": "coarse",
          "need_bucket": "moisture_anti_frizz",
          "styling_context": "non_heat_style"
        }
      ]
    }
  ],
  "usage_link": {
    "user_product_usage_id": "4e4ee80e-f5c1-4954-80e1-8ebcc6809d0f",
    "next_product_id": "<created_product_id>",
    "next_product_submission_id": "31599472-d295-4f2f-8a3b-b6caaabc6c8b",
    "next_match_status": "matched"
  },
  "addition_record_path": "/Users/nick/AI_work/hair_conscierge/.worktrees/product-intake-full-flow-smoke/apps/product-intake-review/data/product-additions/2026-07-05-user-submitted.json",
  "notification": {
    "sent": true,
    "conversationId": "fa32f61c-1d58-4c09-aff3-0251de1ca92f",
    "messageId": "8321066f-a0ad-52d4-85e3-5778cea175d2"
  },
  "approved_product_id": "694c4568-9235-4893-ab54-96a75b3c4f27"
}
 POST /api/submissions/31599472-d295-4f2f-8a3b-b6caaabc6c8b/publish 200 in 3.9s (next.js: 1304ms, application-code: 2.6s)
 GET /submissions/31599472-d295-4f2f-8a3b-b6caaabc6c8b 200 in 397ms (next.js: 52ms, application-code: 345ms)
 GET /api/queue 200 in 247ms (next.js: 11ms, application-code: 237ms)
 GET / 200 in 279ms (next.js: 129ms, application-code: 150ms)
 GET /submissions/31599472-d295-4f2f-8a3b-b6caaabc6c8b 200 in 160ms (next.js: 11ms, application-code: 149ms)
 GET /submissions/543a1eb6-dbb2-4013-9f55-82b1517c3b33 200 in 101ms (next.js: 1435µs, application-code: 100ms)
 GET / 200 in 220ms (next.js: 65ms, application-code: 154ms)
 GET /submissions/31599472-d295-4f2f-8a3b-b6caaabc6c8b 200 in 173ms (next.js: 12ms, application-code: 161ms)
 GET /submissions/543a1eb6-dbb2-4013-9f55-82b1517c3b33 200 in 57ms (next.js: 1516µs, application-code: 55ms)
 GET / 200 in 198ms (next.js: 43ms, application-code: 155ms)
 GET /submissions/31599472-d295-4f2f-8a3b-b6caaabc6c8b 200 in 91ms (next.js: 1670µs, application-code: 90ms)
 GET /submissions/543a1eb6-dbb2-4013-9f55-82b1517c3b33 200 in 157ms (next.js: 14ms, application-code: 142ms)
 GET / 200 in 52ms (next.js: 15ms, application-code: 37ms)
 GET /api/queue 200 in 653ms (next.js: 458ms, application-code: 195ms)
 GET /api/queue 200 in 636ms (next.js: 435ms, application-code: 201ms)
 GET /api/queue 200 in 146ms (next.js: 1553µs, application-code: 145ms)
 GET /submissions/34a0dc1b-c8d7-437a-932e-0024b2074868 200 in 469ms (next.js: 64ms, application-code: 405ms)
 GET /submissions/34a0dc1b-c8d7-437a-932e-0024b2074868 200 in 417ms (next.js: 7ms, application-code: 410ms)
 GET /submissions/34a0dc1b-c8d7-437a-932e-0024b2074868 200 in 1120ms (next.js: 8ms, application-code: 1112ms)
 GET /submissions/34a0dc1b-c8d7-437a-932e-0024b2074868 200 in 537ms (next.js: 9ms, application-code: 529ms)
 GET /submissions/34a0dc1b-c8d7-437a-932e-0024b2074868 200 in 505ms (next.js: 8ms, application-code: 497ms)
 GET /submissions/34a0dc1b-c8d7-437a-932e-0024b2074868 200 in 499ms (next.js: 10ms, application-code: 489ms)
 GET /submissions/34a0dc1b-c8d7-437a-932e-0024b2074868 200 in 458ms (next.js: 9ms, application-code: 449ms)
 GET /submissions/34a0dc1b-c8d7-437a-932e-0024b2074868 200 in 431ms (next.js: 6ms, application-code: 425ms)
 GET /submissions/34a0dc1b-c8d7-437a-932e-0024b2074868 200 in 476ms (next.js: 9ms, application-code: 467ms)
 GET /submissions/34a0dc1b-c8d7-437a-932e-0024b2074868 200 in 416ms (next.js: 9ms, application-code: 407ms)
 GET /submissions/34a0dc1b-c8d7-437a-932e-0024b2074868 200 in 420ms (next.js: 8ms, application-code: 412ms)
 GET /submissions/34a0dc1b-c8d7-437a-932e-0024b2074868 200 in 386ms (next.js: 10ms, application-code: 377ms)
 GET /submissions/34a0dc1b-c8d7-437a-932e-0024b2074868 200 in 491ms (next.js: 9ms, application-code: 482ms)
 GET /submissions/34a0dc1b-c8d7-437a-932e-0024b2074868 200 in 374ms (next.js: 11ms, application-code: 363ms)
 GET /submissions/34a0dc1b-c8d7-437a-932e-0024b2074868 200 in 449ms (next.js: 9ms, application-code: 441ms)
 GET /submissions/34a0dc1b-c8d7-437a-932e-0024b2074868 200 in 384ms (next.js: 8ms, application-code: 376ms)
 GET /submissions/34a0dc1b-c8d7-437a-932e-0024b2074868 200 in 438ms (next.js: 7ms, application-code: 431ms)
 GET /submissions/34a0dc1b-c8d7-437a-932e-0024b2074868 200 in 571ms (next.js: 8ms, application-code: 563ms)
 GET /submissions/34a0dc1b-c8d7-437a-932e-0024b2074868 200 in 465ms (next.js: 9ms, application-code: 457ms)
 GET /submissions/34a0dc1b-c8d7-437a-932e-0024b2074868 200 in 460ms (next.js: 10ms, application-code: 451ms)
 GET /submissions/34a0dc1b-c8d7-437a-932e-0024b2074868 200 in 446ms (next.js: 11ms, application-code: 436ms)
 GET /submissions/34a0dc1b-c8d7-437a-932e-0024b2074868 200 in 464ms (next.js: 10ms, application-code: 454ms)
 GET /submissions/34a0dc1b-c8d7-437a-932e-0024b2074868 200 in 416ms (next.js: 9ms, application-code: 407ms)
 GET /submissions/34a0dc1b-c8d7-437a-932e-0024b2074868 200 in 435ms (next.js: 9ms, application-code: 426ms)
 GET /submissions/34a0dc1b-c8d7-437a-932e-0024b2074868 200 in 345ms (next.js: 4ms, application-code: 341ms)
 GET /submissions/34a0dc1b-c8d7-437a-932e-0024b2074868 200 in 466ms (next.js: 7ms, application-code: 460ms)
 GET /submissions/34a0dc1b-c8d7-437a-932e-0024b2074868 200 in 367ms (next.js: 8ms, application-code: 359ms)
 GET /submissions/34a0dc1b-c8d7-437a-932e-0024b2074868 200 in 433ms (next.js: 9ms, application-code: 424ms)
 GET /submissions/34a0dc1b-c8d7-437a-932e-0024b2074868 200 in 367ms (next.js: 9ms, application-code: 358ms)
 GET /submissions/34a0dc1b-c8d7-437a-932e-0024b2074868 200 in 475ms (next.js: 8ms, application-code: 467ms)
 POST /api/submissions/34a0dc1b-c8d7-437a-932e-0024b2074868/review-decision 200 in 627ms (next.js: 397ms, application-code: 230ms)
 GET /submissions/34a0dc1b-c8d7-437a-932e-0024b2074868 200 in 481ms (next.js: 28ms, application-code: 453ms)
 GET /submissions/34a0dc1b-c8d7-437a-932e-0024b2074868 200 in 395ms (next.js: 7ms, application-code: 388ms)
 POST /api/submissions/34a0dc1b-c8d7-437a-932e-0024b2074868/review-decision 200 in 327ms (next.js: 6ms, application-code: 321ms)
 GET /submissions/34a0dc1b-c8d7-437a-932e-0024b2074868 200 in 312ms (next.js: 3ms, application-code: 308ms)
 POST /api/submissions/34a0dc1b-c8d7-437a-932e-0024b2074868/review-decision 200 in 486ms (next.js: 3ms, application-code: 483ms)
 GET /submissions/34a0dc1b-c8d7-437a-932e-0024b2074868 200 in 402ms (next.js: 10ms, application-code: 392ms)
⚠ ../../node_modules/@prisma/instrumentation/node_modules/@opentelemetry/instrumentation/build/esm/platform/node/instrumentation.js
Critical dependency: the request of a dependency is an expression

Import trace for requested module:
../../node_modules/@prisma/instrumentation/node_modules/@opentelemetry/instrumentation/build/esm/platform/node/instrumentation.js
../../node_modules/@prisma/instrumentation/node_modules/@opentelemetry/instrumentation/build/esm/platform/node/index.js
../../node_modules/@prisma/instrumentation/node_modules/@opentelemetry/instrumentation/build/esm/platform/index.js
../../node_modules/@prisma/instrumentation/node_modules/@opentelemetry/instrumentation/build/esm/index.js
../../node_modules/@prisma/instrumentation/dist/index.js
../../node_modules/@sentry/node/build/cjs/integrations/tracing/prisma.js
../../node_modules/@sentry/node/build/cjs/index.js
../../node_modules/@sentry/nextjs/build/cjs/index.server.js
../../src/lib/observability/product-intake.ts
../../scripts/product-intake/approve.ts
./app/api/submissions/[submissionId]/publish/route.ts
○ Compiling /api/submissions/[submissionId]/publish ...
{
  "submission_id": "34a0dc1b-c8d7-437a-932e-0024b2074868",
  "ok": true,
  "product": {
    "canonical_brand": "Neqi",
    "product_line": "Diamond Glass",
    "clean_name": "Ultimate Styling Spray",
    "category_key": "leave_in",
    "affiliate_link": "https://www.dm.de/p/d/3080142/neqi-leave-in-spray-diamond-glass-ultimate",
    "image_url": "https://pqdkhefxsxkyeqelqegq.supabase.co/storage/v1/object/public/product-images/product-intake/2026-07-05/34a0dc1b-c8d7-437a-932e-0024b2074868/neqi-spray-diamond-glass-ultimate-leave-in-338c7ff911fb.webp",
    "price_eur": 12.95,
    "currency": "EUR",
    "purchase_link_status": "available",
    "purchase_link_checked_at": "2026-07-06T00:20:54+02:00",
    "price_checked_at": "2026-07-06T00:20:54+02:00"
  },
  "identifiers": [
    {
      "type": "gtin",
      "value": "4063528094575",
      "source": "https://www.dm.de/p/d/3080142/neqi-leave-in-spray-diamond-glass-ultimate"
    },
    {
      "type": "retailer_sku",
      "value": "3080142",
      "source": "https://www.dm.de/p/d/3080142/neqi-leave-in-spray-diamond-glass-ultimate"
    },
    {
      "type": "retailer_url",
      "value": "https://www.dm.de/p/d/3080142/neqi-leave-in-spray-diamond-glass-ultimate",
      "source": "https://www.dm.de/p/d/3080142/neqi-leave-in-spray-diamond-glass-ultimate"
    }
  ],
  "spec_operations": [
    {
      "type": "upsert",
      "table": "product_leave_in_specs",
      "rows": [
        {
          "product_id": "__PRODUCT_ID__",
          "format": "spray",
          "weight": "light",
          "roles": [
            "styling_prep"
          ],
          "provides_heat_protection": true,
          "heat_protection_max_c": 230,
          "heat_activation_required": true,
          "care_benefits": [
            "moisture",
            "anti_frizz",
            "shine"
          ],
          "ingredient_flags": [
            "silicones",
            "polymers",
            "humectants"
          ],
          "application_stage": [
            "towel_dry",
            "pre_heat",
            "post_style"
          ]
        }
      ]
    },
    {
      "type": "upsert",
      "table": "product_leave_in_fit_specs",
      "rows": [
        {
          "product_id": "__PRODUCT_ID__",
          "weight": "light",
          "conditioner_relationship": "booster_only",
          "care_benefits": [
            "heat_protect",
            "detangle_smooth"
          ]
        }
      ]
    },
    {
      "type": "upsert",
      "table": "product_leave_in_eligibility",
      "rows": [
        {
          "product_id": "__PRODUCT_ID__",
          "thickness": "fine",
          "need_bucket": "heat_protect",
          "styling_context": "heat_style"
        },
        {
          "product_id": "__PRODUCT_ID__",
          "thickness": "normal",
          "need_bucket": "heat_protect",
          "styling_context": "heat_style"
        },
        {
          "product_id": "__PRODUCT_ID__",
          "thickness": "coarse",
          "need_bucket": "heat_protect",
          "styling_context": "heat_style"
        },
        {
          "product_id": "__PRODUCT_ID__",
          "thickness": "fine",
          "need_bucket": "moisture_anti_frizz",
          "styling_context": "heat_style"
        },
        {
          "product_id": "__PRODUCT_ID__",
          "thickness": "normal",
          "need_bucket": "moisture_anti_frizz",
          "styling_context": "heat_style"
        },
        {
          "product_id": "__PRODUCT_ID__",
          "thickness": "coarse",
          "need_bucket": "moisture_anti_frizz",
          "styling_context": "heat_style"
        },
        {
          "product_id": "__PRODUCT_ID__",
          "thickness": "fine",
          "need_bucket": "shine_protect",
          "styling_context": "heat_style"
        },
        {
          "product_id": "__PRODUCT_ID__",
          "thickness": "normal",
          "need_bucket": "shine_protect",
          "styling_context": "heat_style"
        },
        {
          "product_id": "__PRODUCT_ID__",
          "thickness": "coarse",
          "need_bucket": "shine_protect",
          "styling_context": "heat_style"
        }
      ]
    }
  ],
  "usage_link": {
    "user_product_usage_id": "4e4ee80e-f5c1-4954-80e1-8ebcc6809d0f",
    "next_product_id": "<created_product_id>",
    "next_product_submission_id": "34a0dc1b-c8d7-437a-932e-0024b2074868",
    "next_match_status": "matched"
  },
  "addition_record_path": "/Users/nick/AI_work/hair_conscierge/.worktrees/product-intake-full-flow-smoke/apps/product-intake-review/data/product-additions/2026-07-05-user-submitted.json",
  "notification": {
    "sent": true,
    "conversationId": "7346eb43-75bb-4827-a96b-2f54d9a656d6",
    "messageId": "aa69fe73-b213-588b-ac13-3ca86fdc5cfe"
  },
  "approved_product_id": "42a2fe20-bd7e-49a3-a880-8ae89015a5c9"
}
 POST /api/submissions/34a0dc1b-c8d7-437a-932e-0024b2074868/publish 200 in 3.2s (next.js: 1214ms, application-code: 2.0s)
 GET /submissions/34a0dc1b-c8d7-437a-932e-0024b2074868 200 in 395ms (next.js: 41ms, application-code: 354ms)
 GET /submissions/34a0dc1b-c8d7-437a-932e-0024b2074868 200 in 1042ms (next.js: 28ms, application-code: 1013ms)
